Analysis & Elaboration report for Proyecto2
Fri Jun 20 09:49:08 2025
Quartus Prime Version 23.1std.1 Build 993 05/14/2024 SC Lite Edition


---------------------
; Table of Contents ;
---------------------
  1. Legal Notice
  2. Analysis & Elaboration Summary
  3. Parallel Compilation
  4. Analysis & Elaboration IP Cores Summary
  5. Source assignments for DataMemory:video_memory|ram_vid:mi_ram|altsyncram:altsyncram_component|altsyncram_sen2:auto_generated
  6. Parameter Settings for User Entity Instance: ProcesadorARMv4:proc|mux2to1:mux_PC
  7. Parameter Settings for User Entity Instance: ProcesadorARMv4:proc|mux2to1:mux_regA1
  8. Parameter Settings for User Entity Instance: ProcesadorARMv4:proc|mux2to1:mux_regA2
  9. Parameter Settings for User Entity Instance: ProcesadorARMv4:proc|mux2to1:mux_ALUInputA
 10. Parameter Settings for User Entity Instance: ProcesadorARMv4:proc|mux2to1:mux_ALUInputB
 11. Parameter Settings for User Entity Instance: ProcesadorARMv4:proc|alu:alu_unit
 12. Parameter Settings for User Entity Instance: ProcesadorARMv4:proc|alu:alu_unit|sum_N:sumN
 13. Parameter Settings for User Entity Instance: ProcesadorARMv4:proc|alu:alu_unit|nBitsSubstractor:subs
 14. Parameter Settings for User Entity Instance: ProcesadorARMv4:proc|mux2to1:mux_WriteData
 15. Parameter Settings for User Entity Instance: DataMemory:video_memory|ram_vid:mi_ram|altsyncram:altsyncram_component
 16. Parameter Settings for User Entity Instance: DataMemory:video_memory|readMUX:mux_u
 17. Parameter Settings for User Entity Instance: clock_div:clock_divider
 18. Parameter Settings for User Entity Instance: counter:counter_pause
 19. Parameter Settings for User Entity Instance: timer:timer_count|counter:second
 20. Parameter Settings for User Entity Instance: screen_drawer:screen
 21. Parameter Settings for User Entity Instance: screen_drawer:screen|counter:counter_x
 22. Parameter Settings for User Entity Instance: screen_drawer:screen|counter:counter_y
 23. Parameter Settings for User Entity Instance: vga_driver:driver|video_sync_generator:video_sync
 24. Parameter Settings for User Entity Instance: counter:counter_read
 25. altsyncram Parameter Settings by Entity Instance
 26. Analysis & Elaboration Settings
 27. Port Connectivity Checks: "counter:counter_read"
 28. Port Connectivity Checks: "screen_drawer:screen|counter:counter_y"
 29. Port Connectivity Checks: "screen_drawer:screen|counter:counter_x"
 30. Port Connectivity Checks: "timer:timer_count|counter:second"
 31. Port Connectivity Checks: "BinToBCD:res_converter"
 32. Port Connectivity Checks: "counter:counter_pause"
 33. Port Connectivity Checks: "DataMemory:video_memory|RegBotones:reg_botones2"
 34. Port Connectivity Checks: "DataMemory:video_memory|RegBotones:reg_botones1"
 35. Port Connectivity Checks: "DataMemory:video_memory|readMUX:mux_u"
 36. Port Connectivity Checks: "DataMemory:video_memory|ram_vid:mi_ram"
 37. Port Connectivity Checks: "DataMemory:video_memory"
 38. Port Connectivity Checks: "ProcesadorARMv4:proc|alu:alu_unit|nBitsSubstractor:subs|fullAdder:adder_loop[0].adder"
 39. Port Connectivity Checks: "ProcesadorARMv4:proc|mux2to1:mux_ALUInputA"
 40. Port Connectivity Checks: "ProcesadorARMv4:proc|mux2to1:mux_regA1"
 41. Port Connectivity Checks: "ProcesadorARMv4:proc"
 42. Analysis & Elaboration Messages
 43. Analysis & Elaboration Suppressed Messages



----------------
; Legal Notice ;
----------------
Copyright (C) 2024  Intel Corporation. All rights reserved.
Your use of Intel Corporation's design tools, logic functions 
and other software and tools, and any partner logic 
functions, and any output files from any of the foregoing 
(including device programming or simulation files), and any 
associated documentation or information are expressly subject 
to the terms and conditions of the Intel Program License 
Subscription Agreement, the Intel Quartus Prime License Agreement,
the Intel FPGA IP License Agreement, or other applicable license
agreement, including, without limitation, that your use is for
the sole purpose of programming logic devices manufactured by
Intel and sold by Intel or its authorized distributors.  Please
refer to the applicable agreement for further details, at
https://fpgasoftware.intel.com/eula.



+--------------------------------------------------------------------------------+
; Analysis & Elaboration Summary                                                 ;
+-------------------------------+------------------------------------------------+
; Analysis & Elaboration Status ; Successful - Fri Jun 20 09:49:08 2025          ;
; Quartus Prime Version         ; 23.1std.1 Build 993 05/14/2024 SC Lite Edition ;
; Revision Name                 ; Proyecto2                                      ;
; Top-level Entity Name         ; Proyecto2                                      ;
; Family                        ; Cyclone V                                      ;
; Logic utilization (in ALMs)   ; N/A until Partition Merge                      ;
; Total registers               ; N/A until Partition Merge                      ;
; Total pins                    ; N/A until Partition Merge                      ;
; Total virtual pins            ; N/A until Partition Merge                      ;
; Total block memory bits       ; N/A until Partition Merge                      ;
; Total PLLs                    ; N/A until Partition Merge                      ;
; Total DLLs                    ; N/A until Partition Merge                      ;
+-------------------------------+------------------------------------------------+


+------------------------------------------+
; Parallel Compilation                     ;
+----------------------------+-------------+
; Processors                 ; Number      ;
+----------------------------+-------------+
; Number detected on machine ; 8           ;
; Maximum allowed            ; 8           ;
;                            ;             ;
; Average used               ; 1.00        ;
; Maximum used               ; 1           ;
;                            ;             ;
; Usage by Processor         ; % Time Used ;
;     Processor 1            ; 100.0%      ;
+----------------------------+-------------+


+-------------------------------------------------------------------------------------------------------------------------------------+
; Analysis & Elaboration IP Cores Summary                                                                                             ;
+--------+--------------+---------+--------------+--------------+---------------------------------------------------+-----------------+
; Vendor ; IP Core Name ; Version ; Release Date ; License Type ; Entity Instance                                   ; IP Include File ;
+--------+--------------+---------+--------------+--------------+---------------------------------------------------+-----------------+
; Altera ; RAM: 2-PORT  ; 23.1    ; N/A          ; N/A          ; |Proyecto2|DataMemory:video_memory|ram_vid:mi_ram ; ram_vid.v       ;
+--------+--------------+---------+--------------+--------------+---------------------------------------------------+-----------------+


+------------------------------------------------------------------------------------------------------------------------------+
; Source assignments for DataMemory:video_memory|ram_vid:mi_ram|altsyncram:altsyncram_component|altsyncram_sen2:auto_generated ;
+---------------------------------+--------------------+------+----------------------------------------------------------------+
; Assignment                      ; Value              ; From ; To                                                             ;
+---------------------------------+--------------------+------+----------------------------------------------------------------+
; OPTIMIZE_POWER_DURING_SYNTHESIS ; NORMAL_COMPILATION ; -    ; -                                                              ;
+---------------------------------+--------------------+------+----------------------------------------------------------------+


+----------------------------------------------------------------------------------+
; Parameter Settings for User Entity Instance: ProcesadorARMv4:proc|mux2to1:mux_PC ;
+----------------+-------+---------------------------------------------------------+
; Parameter Name ; Value ; Type                                                    ;
+----------------+-------+---------------------------------------------------------+
; m              ; 32    ; Signed Integer                                          ;
+----------------+-------+---------------------------------------------------------+
Note: In order to hide this table in the UI and the text report file, please set the "Show Parameter Settings in Synthesis Report" option in "Analysis and Synthesis Settings -> More Settings" to "Off".


+-------------------------------------------------------------------------------------+
; Parameter Settings for User Entity Instance: ProcesadorARMv4:proc|mux2to1:mux_regA1 ;
+----------------+-------+------------------------------------------------------------+
; Parameter Name ; Value ; Type                                                       ;
+----------------+-------+------------------------------------------------------------+
; m              ; 4     ; Signed Integer                                             ;
+----------------+-------+------------------------------------------------------------+
Note: In order to hide this table in the UI and the text report file, please set the "Show Parameter Settings in Synthesis Report" option in "Analysis and Synthesis Settings -> More Settings" to "Off".


+-------------------------------------------------------------------------------------+
; Parameter Settings for User Entity Instance: ProcesadorARMv4:proc|mux2to1:mux_regA2 ;
+----------------+-------+------------------------------------------------------------+
; Parameter Name ; Value ; Type                                                       ;
+----------------+-------+------------------------------------------------------------+
; m              ; 4     ; Signed Integer                                             ;
+----------------+-------+------------------------------------------------------------+
Note: In order to hide this table in the UI and the text report file, please set the "Show Parameter Settings in Synthesis Report" option in "Analysis and Synthesis Settings -> More Settings" to "Off".


+-----------------------------------------------------------------------------------------+
; Parameter Settings for User Entity Instance: ProcesadorARMv4:proc|mux2to1:mux_ALUInputA ;
+----------------+-------+----------------------------------------------------------------+
; Parameter Name ; Value ; Type                                                           ;
+----------------+-------+----------------------------------------------------------------+
; m              ; 32    ; Signed Integer                                                 ;
+----------------+-------+----------------------------------------------------------------+
Note: In order to hide this table in the UI and the text report file, please set the "Show Parameter Settings in Synthesis Report" option in "Analysis and Synthesis Settings -> More Settings" to "Off".


+-----------------------------------------------------------------------------------------+
; Parameter Settings for User Entity Instance: ProcesadorARMv4:proc|mux2to1:mux_ALUInputB ;
+----------------+-------+----------------------------------------------------------------+
; Parameter Name ; Value ; Type                                                           ;
+----------------+-------+----------------------------------------------------------------+
; m              ; 32    ; Signed Integer                                                 ;
+----------------+-------+----------------------------------------------------------------+
Note: In order to hide this table in the UI and the text report file, please set the "Show Parameter Settings in Synthesis Report" option in "Analysis and Synthesis Settings -> More Settings" to "Off".


+--------------------------------------------------------------------------------+
; Parameter Settings for User Entity Instance: ProcesadorARMv4:proc|alu:alu_unit ;
+----------------+-------+-------------------------------------------------------+
; Parameter Name ; Value ; Type                                                  ;
+----------------+-------+-------------------------------------------------------+
; W              ; 32    ; Signed Integer                                        ;
+----------------+-------+-------------------------------------------------------+
Note: In order to hide this table in the UI and the text report file, please set the "Show Parameter Settings in Synthesis Report" option in "Analysis and Synthesis Settings -> More Settings" to "Off".


+-------------------------------------------------------------------------------------------+
; Parameter Settings for User Entity Instance: ProcesadorARMv4:proc|alu:alu_unit|sum_N:sumN ;
+----------------+-------+------------------------------------------------------------------+
; Parameter Name ; Value ; Type                                                             ;
+----------------+-------+------------------------------------------------------------------+
; m              ; 32    ; Signed Integer                                                   ;
+----------------+-------+------------------------------------------------------------------+
Note: In order to hide this table in the UI and the text report file, please set the "Show Parameter Settings in Synthesis Report" option in "Analysis and Synthesis Settings -> More Settings" to "Off".


+------------------------------------------------------------------------------------------------------+
; Parameter Settings for User Entity Instance: ProcesadorARMv4:proc|alu:alu_unit|nBitsSubstractor:subs ;
+----------------+-------+-----------------------------------------------------------------------------+
; Parameter Name ; Value ; Type                                                                        ;
+----------------+-------+-----------------------------------------------------------------------------+
; n              ; 32    ; Signed Integer                                                              ;
+----------------+-------+-----------------------------------------------------------------------------+
Note: In order to hide this table in the UI and the text report file, please set the "Show Parameter Settings in Synthesis Report" option in "Analysis and Synthesis Settings -> More Settings" to "Off".


+-----------------------------------------------------------------------------------------+
; Parameter Settings for User Entity Instance: ProcesadorARMv4:proc|mux2to1:mux_WriteData ;
+----------------+-------+----------------------------------------------------------------+
; Parameter Name ; Value ; Type                                                           ;
+----------------+-------+----------------------------------------------------------------+
; m              ; 32    ; Signed Integer                                                 ;
+----------------+-------+----------------------------------------------------------------+
Note: In order to hide this table in the UI and the text report file, please set the "Show Parameter Settings in Synthesis Report" option in "Analysis and Synthesis Settings -> More Settings" to "Off".


+---------------------------------------------------------------------------------------------------------------------+
; Parameter Settings for User Entity Instance: DataMemory:video_memory|ram_vid:mi_ram|altsyncram:altsyncram_component ;
+------------------------------------+----------------------+---------------------------------------------------------+
; Parameter Name                     ; Value                ; Type                                                    ;
+------------------------------------+----------------------+---------------------------------------------------------+
; BYTE_SIZE_BLOCK                    ; 8                    ; Untyped                                                 ;
; AUTO_CARRY_CHAINS                  ; ON                   ; AUTO_CARRY                                              ;
; IGNORE_CARRY_BUFFERS               ; OFF                  ; IGNORE_CARRY                                            ;
; AUTO_CASCADE_CHAINS                ; ON                   ; AUTO_CASCADE                                            ;
; IGNORE_CASCADE_BUFFERS             ; OFF                  ; IGNORE_CASCADE                                          ;
; WIDTH_BYTEENA                      ; 1                    ; Untyped                                                 ;
; OPERATION_MODE                     ; BIDIR_DUAL_PORT      ; Untyped                                                 ;
; WIDTH_A                            ; 32                   ; Signed Integer                                          ;
; WIDTHAD_A                          ; 3                    ; Signed Integer                                          ;
; NUMWORDS_A                         ; 8                    ; Signed Integer                                          ;
; OUTDATA_REG_A                      ; UNREGISTERED         ; Untyped                                                 ;
; ADDRESS_ACLR_A                     ; NONE                 ; Untyped                                                 ;
; OUTDATA_ACLR_A                     ; NONE                 ; Untyped                                                 ;
; WRCONTROL_ACLR_A                   ; NONE                 ; Untyped                                                 ;
; INDATA_ACLR_A                      ; NONE                 ; Untyped                                                 ;
; BYTEENA_ACLR_A                     ; NONE                 ; Untyped                                                 ;
; WIDTH_B                            ; 32                   ; Signed Integer                                          ;
; WIDTHAD_B                          ; 3                    ; Signed Integer                                          ;
; NUMWORDS_B                         ; 8                    ; Signed Integer                                          ;
; INDATA_REG_B                       ; CLOCK0               ; Untyped                                                 ;
; WRCONTROL_WRADDRESS_REG_B          ; CLOCK0               ; Untyped                                                 ;
; RDCONTROL_REG_B                    ; CLOCK1               ; Untyped                                                 ;
; ADDRESS_REG_B                      ; CLOCK0               ; Untyped                                                 ;
; OUTDATA_REG_B                      ; UNREGISTERED         ; Untyped                                                 ;
; BYTEENA_REG_B                      ; CLOCK1               ; Untyped                                                 ;
; INDATA_ACLR_B                      ; NONE                 ; Untyped                                                 ;
; WRCONTROL_ACLR_B                   ; NONE                 ; Untyped                                                 ;
; ADDRESS_ACLR_B                     ; NONE                 ; Untyped                                                 ;
; OUTDATA_ACLR_B                     ; NONE                 ; Untyped                                                 ;
; RDCONTROL_ACLR_B                   ; NONE                 ; Untyped                                                 ;
; BYTEENA_ACLR_B                     ; NONE                 ; Untyped                                                 ;
; WIDTH_BYTEENA_A                    ; 1                    ; Signed Integer                                          ;
; WIDTH_BYTEENA_B                    ; 1                    ; Signed Integer                                          ;
; RAM_BLOCK_TYPE                     ; AUTO                 ; Untyped                                                 ;
; BYTE_SIZE                          ; 8                    ; Untyped                                                 ;
; READ_DURING_WRITE_MODE_MIXED_PORTS ; DONT_CARE            ; Untyped                                                 ;
; READ_DURING_WRITE_MODE_PORT_A      ; NEW_DATA_NO_NBE_READ ; Untyped                                                 ;
; READ_DURING_WRITE_MODE_PORT_B      ; NEW_DATA_NO_NBE_READ ; Untyped                                                 ;
; INIT_FILE                          ; UNUSED               ; Untyped                                                 ;
; INIT_FILE_LAYOUT                   ; PORT_A               ; Untyped                                                 ;
; MAXIMUM_DEPTH                      ; 0                    ; Untyped                                                 ;
; CLOCK_ENABLE_INPUT_A               ; BYPASS               ; Untyped                                                 ;
; CLOCK_ENABLE_INPUT_B               ; BYPASS               ; Untyped                                                 ;
; CLOCK_ENABLE_OUTPUT_A              ; BYPASS               ; Untyped                                                 ;
; CLOCK_ENABLE_OUTPUT_B              ; BYPASS               ; Untyped                                                 ;
; CLOCK_ENABLE_CORE_A                ; USE_INPUT_CLKEN      ; Untyped                                                 ;
; CLOCK_ENABLE_CORE_B                ; USE_INPUT_CLKEN      ; Untyped                                                 ;
; ENABLE_ECC                         ; FALSE                ; Untyped                                                 ;
; ECC_PIPELINE_STAGE_ENABLED         ; FALSE                ; Untyped                                                 ;
; WIDTH_ECCSTATUS                    ; 3                    ; Untyped                                                 ;
; DEVICE_FAMILY                      ; Cyclone V            ; Untyped                                                 ;
; CBXI_PARAMETER                     ; altsyncram_sen2      ; Untyped                                                 ;
+------------------------------------+----------------------+---------------------------------------------------------+
Note: In order to hide this table in the UI and the text report file, please set the "Show Parameter Settings in Synthesis Report" option in "Analysis and Synthesis Settings -> More Settings" to "Off".


+------------------------------------------------------------------------------------+
; Parameter Settings for User Entity Instance: DataMemory:video_memory|readMUX:mux_u ;
+----------------+-------+-----------------------------------------------------------+
; Parameter Name ; Value ; Type                                                      ;
+----------------+-------+-----------------------------------------------------------+
; WIDTH          ; 32    ; Signed Integer                                            ;
+----------------+-------+-----------------------------------------------------------+
Note: In order to hide this table in the UI and the text report file, please set the "Show Parameter Settings in Synthesis Report" option in "Analysis and Synthesis Settings -> More Settings" to "Off".


+----------------------------------------------------------------------+
; Parameter Settings for User Entity Instance: clock_div:clock_divider ;
+----------------+-------+---------------------------------------------+
; Parameter Name ; Value ; Type                                        ;
+----------------+-------+---------------------------------------------+
; DIV            ; 2     ; Signed Integer                              ;
+----------------+-------+---------------------------------------------+
Note: In order to hide this table in the UI and the text report file, please set the "Show Parameter Settings in Synthesis Report" option in "Analysis and Synthesis Settings -> More Settings" to "Off".


+--------------------------------------------------------------------+
; Parameter Settings for User Entity Instance: counter:counter_pause ;
+----------------+-------+-------------------------------------------+
; Parameter Name ; Value ; Type                                      ;
+----------------+-------+-------------------------------------------+
; N              ; 25    ; Signed Integer                            ;
+----------------+-------+-------------------------------------------+
Note: In order to hide this table in the UI and the text report file, please set the "Show Parameter Settings in Synthesis Report" option in "Analysis and Synthesis Settings -> More Settings" to "Off".


+-------------------------------------------------------------------------------+
; Parameter Settings for User Entity Instance: timer:timer_count|counter:second ;
+----------------+-------+------------------------------------------------------+
; Parameter Name ; Value ; Type                                                 ;
+----------------+-------+------------------------------------------------------+
; N              ; 25    ; Signed Integer                                       ;
+----------------+-------+------------------------------------------------------+
Note: In order to hide this table in the UI and the text report file, please set the "Show Parameter Settings in Synthesis Report" option in "Analysis and Synthesis Settings -> More Settings" to "Off".


+-------------------------------------------------------------------+
; Parameter Settings for User Entity Instance: screen_drawer:screen ;
+-----------------+-------+-----------------------------------------+
; Parameter Name  ; Value ; Type                                    ;
+-----------------+-------+-----------------------------------------+
; hori_back       ; 144   ; Signed Integer                          ;
; vert_back       ; 34    ; Signed Integer                          ;
; DOOR_WIDTH      ; 112   ; Signed Integer                          ;
; DOOR_HEIGHT     ; 156   ; Signed Integer                          ;
; offset_x        ; 240   ; Signed Integer                          ;
; offset_y        ; 162   ; Signed Integer                          ;
; HEART_WIDTH     ; 22    ; Signed Integer                          ;
; HEART_HEIGHT    ; 20    ; Signed Integer                          ;
; heart_offset_x  ; 240   ; Signed Integer                          ;
; heart_offset_y  ; 100   ; Signed Integer                          ;
; PLAYER_WIDTH    ; 24    ; Signed Integer                          ;
; PLAYER_HEIGHT   ; 30    ; Signed Integer                          ;
; p1_offset_x     ; 256   ; Signed Integer                          ;
; p2_offset_x     ; 312   ; Signed Integer                          ;
; player_offset_y ; 320   ; Signed Integer                          ;
+-----------------+-------+-----------------------------------------+
Note: In order to hide this table in the UI and the text report file, please set the "Show Parameter Settings in Synthesis Report" option in "Analysis and Synthesis Settings -> More Settings" to "Off".


+-------------------------------------------------------------------------------------+
; Parameter Settings for User Entity Instance: screen_drawer:screen|counter:counter_x ;
+----------------+-------+------------------------------------------------------------+
; Parameter Name ; Value ; Type                                                       ;
+----------------+-------+------------------------------------------------------------+
; N              ; 10    ; Signed Integer                                             ;
+----------------+-------+------------------------------------------------------------+
Note: In order to hide this table in the UI and the text report file, please set the "Show Parameter Settings in Synthesis Report" option in "Analysis and Synthesis Settings -> More Settings" to "Off".


+-------------------------------------------------------------------------------------+
; Parameter Settings for User Entity Instance: screen_drawer:screen|counter:counter_y ;
+----------------+-------+------------------------------------------------------------+
; Parameter Name ; Value ; Type                                                       ;
+----------------+-------+------------------------------------------------------------+
; N              ; 10    ; Signed Integer                                             ;
+----------------+-------+------------------------------------------------------------+
Note: In order to hide this table in the UI and the text report file, please set the "Show Parameter Settings in Synthesis Report" option in "Analysis and Synthesis Settings -> More Settings" to "Off".


+------------------------------------------------------------------------------------------------+
; Parameter Settings for User Entity Instance: vga_driver:driver|video_sync_generator:video_sync ;
+----------------+-------+-----------------------------------------------------------------------+
; Parameter Name ; Value ; Type                                                                  ;
+----------------+-------+-----------------------------------------------------------------------+
; hori_line      ; 800   ; Signed Integer                                                        ;
; hori_back      ; 144   ; Signed Integer                                                        ;
; hori_front     ; 16    ; Signed Integer                                                        ;
; vert_line      ; 525   ; Signed Integer                                                        ;
; vert_back      ; 34    ; Signed Integer                                                        ;
; vert_front     ; 11    ; Signed Integer                                                        ;
; H_sync_cycle   ; 96    ; Signed Integer                                                        ;
; V_sync_cycle   ; 2     ; Signed Integer                                                        ;
+----------------+-------+-----------------------------------------------------------------------+
Note: In order to hide this table in the UI and the text report file, please set the "Show Parameter Settings in Synthesis Report" option in "Analysis and Synthesis Settings -> More Settings" to "Off".


+-------------------------------------------------------------------+
; Parameter Settings for User Entity Instance: counter:counter_read ;
+----------------+-------+------------------------------------------+
; Parameter Name ; Value ; Type                                     ;
+----------------+-------+------------------------------------------+
; N              ; 3     ; Signed Integer                           ;
+----------------+-------+------------------------------------------+
Note: In order to hide this table in the UI and the text report file, please set the "Show Parameter Settings in Synthesis Report" option in "Analysis and Synthesis Settings -> More Settings" to "Off".


+--------------------------------------------------------------------------------------------------------------------+
; altsyncram Parameter Settings by Entity Instance                                                                   ;
+-------------------------------------------+------------------------------------------------------------------------+
; Name                                      ; Value                                                                  ;
+-------------------------------------------+------------------------------------------------------------------------+
; Number of entity instances                ; 1                                                                      ;
; Entity Instance                           ; DataMemory:video_memory|ram_vid:mi_ram|altsyncram:altsyncram_component ;
;     -- OPERATION_MODE                     ; BIDIR_DUAL_PORT                                                        ;
;     -- WIDTH_A                            ; 32                                                                     ;
;     -- NUMWORDS_A                         ; 8                                                                      ;
;     -- OUTDATA_REG_A                      ; UNREGISTERED                                                           ;
;     -- WIDTH_B                            ; 32                                                                     ;
;     -- NUMWORDS_B                         ; 8                                                                      ;
;     -- ADDRESS_REG_B                      ; CLOCK0                                                                 ;
;     -- OUTDATA_REG_B                      ; UNREGISTERED                                                           ;
;     -- RAM_BLOCK_TYPE                     ; AUTO                                                                   ;
;     -- READ_DURING_WRITE_MODE_MIXED_PORTS ; DONT_CARE                                                              ;
+-------------------------------------------+------------------------------------------------------------------------+


+---------------------------------------------------------------------------------------------------------------------------+
; Analysis & Elaboration Settings                                                                                           ;
+---------------------------------------------------------------------------------+--------------------+--------------------+
; Option                                                                          ; Setting            ; Default Value      ;
+---------------------------------------------------------------------------------+--------------------+--------------------+
; Device                                                                          ; 5CSXFC6D6F31C6     ;                    ;
; Top-level entity name                                                           ; Proyecto2          ; Proyecto2          ;
; Family name                                                                     ; Cyclone V          ; Cyclone V          ;
; Use smart compilation                                                           ; Off                ; Off                ;
; Enable parallel Assembler and Timing Analyzer during compilation                ; On                 ; On                 ;
; Enable compact report table                                                     ; Off                ; Off                ;
; Restructure Multiplexers                                                        ; Auto               ; Auto               ;
; MLAB Add Timing Constraints For Mixed-Port Feed-Through Mode Setting Don't Care ; Off                ; Off                ;
; Create Debugging Nodes for IP Cores                                             ; Off                ; Off                ;
; Preserve fewer node names                                                       ; On                 ; On                 ;
; Intel FPGA IP Evaluation Mode                                                   ; Enable             ; Enable             ;
; Verilog Version                                                                 ; Verilog_2001       ; Verilog_2001       ;
; VHDL Version                                                                    ; VHDL_1993          ; VHDL_1993          ;
; State Machine Processing                                                        ; Auto               ; Auto               ;
; Safe State Machine                                                              ; Off                ; Off                ;
; Extract Verilog State Machines                                                  ; On                 ; On                 ;
; Extract VHDL State Machines                                                     ; On                 ; On                 ;
; Ignore Verilog initial constructs                                               ; Off                ; Off                ;
; Iteration limit for constant Verilog loops                                      ; 5000               ; 5000               ;
; Iteration limit for non-constant Verilog loops                                  ; 250                ; 250                ;
; Add Pass-Through Logic to Inferred RAMs                                         ; On                 ; On                 ;
; Infer RAMs from Raw Logic                                                       ; On                 ; On                 ;
; Parallel Synthesis                                                              ; On                 ; On                 ;
; DSP Block Balancing                                                             ; Auto               ; Auto               ;
; NOT Gate Push-Back                                                              ; On                 ; On                 ;
; Power-Up Don't Care                                                             ; On                 ; On                 ;
; Remove Redundant Logic Cells                                                    ; Off                ; Off                ;
; Remove Duplicate Registers                                                      ; On                 ; On                 ;
; Ignore CARRY Buffers                                                            ; Off                ; Off                ;
; Ignore CASCADE Buffers                                                          ; Off                ; Off                ;
; Ignore GLOBAL Buffers                                                           ; Off                ; Off                ;
; Ignore ROW GLOBAL Buffers                                                       ; Off                ; Off                ;
; Ignore LCELL Buffers                                                            ; Off                ; Off                ;
; Ignore SOFT Buffers                                                             ; On                 ; On                 ;
; Limit AHDL Integers to 32 Bits                                                  ; Off                ; Off                ;
; Optimization Technique                                                          ; Balanced           ; Balanced           ;
; Carry Chain Length                                                              ; 70                 ; 70                 ;
; Auto Carry Chains                                                               ; On                 ; On                 ;
; Auto Open-Drain Pins                                                            ; On                 ; On                 ;
; Perform WYSIWYG Primitive Resynthesis                                           ; Off                ; Off                ;
; Auto ROM Replacement                                                            ; On                 ; On                 ;
; Auto RAM Replacement                                                            ; On                 ; On                 ;
; Auto DSP Block Replacement                                                      ; On                 ; On                 ;
; Auto Shift Register Replacement                                                 ; Auto               ; Auto               ;
; Allow Shift Register Merging across Hierarchies                                 ; Auto               ; Auto               ;
; Auto Clock Enable Replacement                                                   ; On                 ; On                 ;
; Strict RAM Replacement                                                          ; Off                ; Off                ;
; Allow Synchronous Control Signals                                               ; On                 ; On                 ;
; Force Use of Synchronous Clear Signals                                          ; Off                ; Off                ;
; Auto Resource Sharing                                                           ; Off                ; Off                ;
; Allow Any RAM Size For Recognition                                              ; Off                ; Off                ;
; Allow Any ROM Size For Recognition                                              ; Off                ; Off                ;
; Allow Any Shift Register Size For Recognition                                   ; Off                ; Off                ;
; Use LogicLock Constraints during Resource Balancing                             ; On                 ; On                 ;
; Ignore translate_off and synthesis_off directives                               ; Off                ; Off                ;
; Timing-Driven Synthesis                                                         ; On                 ; On                 ;
; Report Parameter Settings                                                       ; On                 ; On                 ;
; Report Source Assignments                                                       ; On                 ; On                 ;
; Report Connectivity Checks                                                      ; On                 ; On                 ;
; Ignore Maximum Fan-Out Assignments                                              ; Off                ; Off                ;
; Synchronization Register Chain Length                                           ; 3                  ; 3                  ;
; Power Optimization During Synthesis                                             ; Normal compilation ; Normal compilation ;
; HDL message level                                                               ; Level2             ; Level2             ;
; Suppress Register Optimization Related Messages                                 ; Off                ; Off                ;
; Number of Removed Registers Reported in Synthesis Report                        ; 5000               ; 5000               ;
; Number of Swept Nodes Reported in Synthesis Report                              ; 5000               ; 5000               ;
; Number of Inverted Registers Reported in Synthesis Report                       ; 100                ; 100                ;
; Clock MUX Protection                                                            ; On                 ; On                 ;
; Auto Gated Clock Conversion                                                     ; Off                ; Off                ;
; Block Design Naming                                                             ; Auto               ; Auto               ;
; SDC constraint protection                                                       ; Off                ; Off                ;
; Synthesis Effort                                                                ; Auto               ; Auto               ;
; Shift Register Replacement - Allow Asynchronous Clear Signal                    ; On                 ; On                 ;
; Pre-Mapping Resynthesis Optimization                                            ; Off                ; Off                ;
; Analysis & Synthesis Message Level                                              ; Medium             ; Medium             ;
; Disable Register Merging Across Hierarchies                                     ; Auto               ; Auto               ;
; Resource Aware Inference For Block RAM                                          ; On                 ; On                 ;
; Automatic Parallel Synthesis                                                    ; On                 ; On                 ;
; Partial Reconfiguration Bitstream ID                                            ; Off                ; Off                ;
+---------------------------------------------------------------------------------+--------------------+--------------------+


+---------------------------------------------------------------------------------------------------------------------------------------------------------------------------------------------------------------------+
; Port Connectivity Checks: "counter:counter_read"                                                                                                                                                                    ;
+------------+--------+----------+------------------------------------------------------------------------------------------------------------------------------------------------------------------------------------+
; Port       ; Type   ; Severity ; Details                                                                                                                                                                            ;
+------------+--------+----------+------------------------------------------------------------------------------------------------------------------------------------------------------------------------------------+
; enable     ; Input  ; Warning  ; Input port expression (32 bits) is wider than the input port (1 bits) it drives.  The 31 most-significant bit(s) in the expression will be dangling if they have no other fanouts. ;
; enable[-1] ; Input  ; Info     ; Stuck at VCC                                                                                                                                                                       ;
; max        ; Input  ; Info     ; Stuck at VCC                                                                                                                                                                       ;
; done       ; Output ; Info     ; Explicitly unconnected                                                                                                                                                             ;
+------------+--------+----------+------------------------------------------------------------------------------------------------------------------------------------------------------------------------------------+


+--------------------------------------------------------------------+
; Port Connectivity Checks: "screen_drawer:screen|counter:counter_y" ;
+-----------+--------+----------+------------------------------------+
; Port      ; Type   ; Severity ; Details                            ;
+-----------+--------+----------+------------------------------------+
; max[3..2] ; Input  ; Info     ; Stuck at VCC                       ;
; max[8..4] ; Input  ; Info     ; Stuck at GND                       ;
; max[1..0] ; Input  ; Info     ; Stuck at GND                       ;
; max[9]    ; Input  ; Info     ; Stuck at VCC                       ;
; done      ; Output ; Info     ; Explicitly unconnected             ;
+-----------+--------+----------+------------------------------------+


+--------------------------------------------------------------------+
; Port Connectivity Checks: "screen_drawer:screen|counter:counter_x" ;
+-----------+-------+----------+-------------------------------------+
; Port      ; Type  ; Severity ; Details                             ;
+-----------+-------+----------+-------------------------------------+
; enable    ; Input ; Info     ; Stuck at VCC                        ;
; max[9..8] ; Input ; Info     ; Stuck at VCC                        ;
; max[4..0] ; Input ; Info     ; Stuck at VCC                        ;
; max[7..5] ; Input ; Info     ; Stuck at GND                        ;
+-----------+-------+----------+-------------------------------------+


+--------------------------------------------------------------+
; Port Connectivity Checks: "timer:timer_count|counter:second" ;
+-------------+--------+----------+----------------------------+
; Port        ; Type   ; Severity ; Details                    ;
+-------------+--------+----------+----------------------------+
; max[22..18] ; Input  ; Info     ; Stuck at VCC               ;
; max[14..11] ; Input  ; Info     ; Stuck at VCC               ;
; max[10..7]  ; Input  ; Info     ; Stuck at GND               ;
; max[5..0]   ; Input  ; Info     ; Stuck at GND               ;
; max[24]     ; Input  ; Info     ; Stuck at VCC               ;
; max[23]     ; Input  ; Info     ; Stuck at GND               ;
; max[17]     ; Input  ; Info     ; Stuck at GND               ;
; max[16]     ; Input  ; Info     ; Stuck at VCC               ;
; max[15]     ; Input  ; Info     ; Stuck at GND               ;
; max[6]      ; Input  ; Info     ; Stuck at VCC               ;
; q           ; Output ; Info     ; Explicitly unconnected     ;
+-------------+--------+----------+----------------------------+


+---------------------------------------------------------------------------------------------------------------------+
; Port Connectivity Checks: "BinToBCD:res_converter"                                                                  ;
+-----------+--------+----------+-------------------------------------------------------------------------------------+
; Port      ; Type   ; Severity ; Details                                                                             ;
+-----------+--------+----------+-------------------------------------------------------------------------------------+
; bcd[3..0] ; Output ; Info     ; Connected to dangling logic. Logic that only feeds a dangling port will be removed. ;
+-----------+--------+----------+-------------------------------------------------------------------------------------+


+----------------------------------------------------------+
; Port Connectivity Checks: "counter:counter_pause"        ;
+-------------+--------+----------+------------------------+
; Port        ; Type   ; Severity ; Details                ;
+-------------+--------+----------+------------------------+
; max[22..18] ; Input  ; Info     ; Stuck at VCC           ;
; max[14..11] ; Input  ; Info     ; Stuck at VCC           ;
; max[10..7]  ; Input  ; Info     ; Stuck at GND           ;
; max[5..0]   ; Input  ; Info     ; Stuck at GND           ;
; max[24]     ; Input  ; Info     ; Stuck at VCC           ;
; max[23]     ; Input  ; Info     ; Stuck at GND           ;
; max[17]     ; Input  ; Info     ; Stuck at GND           ;
; max[16]     ; Input  ; Info     ; Stuck at VCC           ;
; max[15]     ; Input  ; Info     ; Stuck at GND           ;
; max[6]      ; Input  ; Info     ; Stuck at VCC           ;
; q           ; Output ; Info     ; Explicitly unconnected ;
+-------------+--------+----------+------------------------+


+----------------------------------------------------------------------------------------------------------------------------------------------------------------------------------------------------------------+
; Port Connectivity Checks: "DataMemory:video_memory|RegBotones:reg_botones2"                                                                                                                                    ;
+--------+-------+----------+------------------------------------------------------------------------------------------------------------------------------------------------------------------------------------+
; Port   ; Type  ; Severity ; Details                                                                                                                                                                            ;
+--------+-------+----------+------------------------------------------------------------------------------------------------------------------------------------------------------------------------------------+
; we     ; Input ; Warning  ; Input port expression (32 bits) is wider than the input port (1 bits) it drives.  The 31 most-significant bit(s) in the expression will be dangling if they have no other fanouts. ;
; we[-1] ; Input ; Info     ; Stuck at VCC                                                                                                                                                                       ;
+--------+-------+----------+------------------------------------------------------------------------------------------------------------------------------------------------------------------------------------+


+----------------------------------------------------------------------------------------------------------------------------------------------------------------------------------------------------------------+
; Port Connectivity Checks: "DataMemory:video_memory|RegBotones:reg_botones1"                                                                                                                                    ;
+--------+-------+----------+------------------------------------------------------------------------------------------------------------------------------------------------------------------------------------+
; Port   ; Type  ; Severity ; Details                                                                                                                                                                            ;
+--------+-------+----------+------------------------------------------------------------------------------------------------------------------------------------------------------------------------------------+
; we     ; Input ; Warning  ; Input port expression (32 bits) is wider than the input port (1 bits) it drives.  The 31 most-significant bit(s) in the expression will be dangling if they have no other fanouts. ;
; we[-1] ; Input ; Info     ; Stuck at VCC                                                                                                                                                                       ;
+--------+-------+----------+------------------------------------------------------------------------------------------------------------------------------------------------------------------------------------+


+-------------------------------------------------------------------+
; Port Connectivity Checks: "DataMemory:video_memory|readMUX:mux_u" ;
+---------------+-------+----------+--------------------------------+
; Port          ; Type  ; Severity ; Details                        ;
+---------------+-------+----------+--------------------------------+
; rdata3[31..3] ; Input ; Info     ; Stuck at GND                   ;
; rdata4[31..1] ; Input ; Info     ; Stuck at GND                   ;
; rdata4[0]     ; Input ; Info     ; Stuck at VCC                   ;
+---------------+-------+----------+--------------------------------+


+--------------------------------------------------------------------+
; Port Connectivity Checks: "DataMemory:video_memory|ram_vid:mi_ram" ;
+--------+-------+----------+----------------------------------------+
; Port   ; Type  ; Severity ; Details                                ;
+--------+-------+----------+----------------------------------------+
; data_b ; Input ; Info     ; Stuck at GND                           ;
; wren_b ; Input ; Info     ; Stuck at GND                           ;
+--------+-------+----------+----------------------------------------+


+----------------------------------------------------------------------------------------------------------------------------+
; Port Connectivity Checks: "DataMemory:video_memory"                                                                        ;
+------------------+--------+----------+-------------------------------------------------------------------------------------+
; Port             ; Type   ; Severity ; Details                                                                             ;
+------------------+--------+----------+-------------------------------------------------------------------------------------+
; time_up          ; Input  ; Info     ; Stuck at VCC                                                                        ;
; DataVideo[31..2] ; Output ; Info     ; Connected to dangling logic. Logic that only feeds a dangling port will be removed. ;
+------------------+--------+----------+-------------------------------------------------------------------------------------+


+-------------------------------------------------------------------------------------------------------------------+
; Port Connectivity Checks: "ProcesadorARMv4:proc|alu:alu_unit|nBitsSubstractor:subs|fullAdder:adder_loop[0].adder" ;
+------+-------+----------+-----------------------------------------------------------------------------------------+
; Port ; Type  ; Severity ; Details                                                                                 ;
+------+-------+----------+-----------------------------------------------------------------------------------------+
; cin  ; Input ; Info     ; Stuck at VCC                                                                            ;
+------+-------+----------+-----------------------------------------------------------------------------------------+


+------------------------------------------------------------------------+
; Port Connectivity Checks: "ProcesadorARMv4:proc|mux2to1:mux_ALUInputA" ;
+------+-------+----------+----------------------------------------------+
; Port ; Type  ; Severity ; Details                                      ;
+------+-------+----------+----------------------------------------------+
; a    ; Input ; Info     ; Stuck at GND                                 ;
+------+-------+----------+----------------------------------------------+


+--------------------------------------------------------------------+
; Port Connectivity Checks: "ProcesadorARMv4:proc|mux2to1:mux_regA1" ;
+------+-------+----------+------------------------------------------+
; Port ; Type  ; Severity ; Details                                  ;
+------+-------+----------+------------------------------------------+
; b    ; Input ; Info     ; Stuck at VCC                             ;
+------+-------+----------+------------------------------------------+


+-----------------------------------------------------+
; Port Connectivity Checks: "ProcesadorARMv4:proc"    ;
+--------+--------+----------+------------------------+
; Port   ; Type   ; Severity ; Details                ;
+--------+--------+----------+------------------------+
; ALUres ; Output ; Info     ; Explicitly unconnected ;
; F32    ; Output ; Info     ; Explicitly unconnected ;
+--------+--------+----------+------------------------+


+---------------------------------+
; Analysis & Elaboration Messages ;
+---------------------------------+
Info: *******************************************************************
Info: Running Quartus Prime Analysis & Elaboration
    Info: Version 23.1std.1 Build 993 05/14/2024 SC Lite Edition
    Info: Processing started: Fri Jun 20 09:48:44 2025
Info: Command: quartus_map --read_settings_files=on --write_settings_files=off Proyecto2 -c Proyecto2 --analysis_and_elaboration
Warning (18236): Number of processors has not been specified which may cause overloading on shared machines.  Set the global assignment NUM_PARALLEL_PROCESSORS in your QSF to an appropriate value for best performance.
Info (20030): Parallel compilation is enabled and will use 8 of the 8 processors detected
Info (12021): Found 1 design units, including 1 entities, in source file ram_vid.v
    Info (12023): Found entity 1: ram_vid File: D:/Proyecto_Final/ProyectoFinal_TDD/ProyectoTDD/ram_vid.v Line: 40
Info (12021): Found 1 design units, including 1 entities, in source file test_proyecto2.sv
    Info (12023): Found entity 1: test_Proyecto2 File: D:/Proyecto_Final/ProyectoFinal_TDD/ProyectoTDD/test_Proyecto2.sv Line: 3
Info (12021): Found 1 design units, including 1 entities, in source file sum_n.sv
    Info (12023): Found entity 1: sum_N File: D:/Proyecto_Final/ProyectoFinal_TDD/ProyectoTDD/sum_N.sv Line: 3
Info (12021): Found 1 design units, including 1 entities, in source file registerfile.sv
    Info (12023): Found entity 1: RegisterFile File: D:/Proyecto_Final/ProyectoFinal_TDD/ProyectoTDD/RegisterFile.sv Line: 1
Info (12021): Found 1 design units, including 1 entities, in source file readmux.sv
    Info (12023): Found entity 1: readMUX File: D:/Proyecto_Final/ProyectoFinal_TDD/ProyectoTDD/readMUX.sv Line: 1
Info (12021): Found 1 design units, including 1 entities, in source file random_gen.sv
    Info (12023): Found entity 1: random_gen File: D:/Proyecto_Final/ProyectoFinal_TDD/ProyectoTDD/random_gen.sv Line: 1
Info (12021): Found 1 design units, including 1 entities, in source file proyecto2.sv
    Info (12023): Found entity 1: Proyecto2 File: D:/Proyecto_Final/ProyectoFinal_TDD/ProyectoTDD/Proyecto2.sv Line: 1
Info (12021): Found 1 design units, including 1 entities, in source file procesadorarmv4.sv
    Info (12023): Found entity 1: ProcesadorARMv4 File: D:/Proyecto_Final/ProyectoFinal_TDD/ProyectoTDD/ProcesadorARMv4.sv Line: 1
Info (12021): Found 1 design units, including 1 entities, in source file pclogic.sv
    Info (12023): Found entity 1: PCLogic File: D:/Proyecto_Final/ProyectoFinal_TDD/ProyectoTDD/PCLogic.sv Line: 1
Info (12021): Found 1 design units, including 1 entities, in source file nbitssubstractor.sv
    Info (12023): Found entity 1: nBitsSubstractor File: D:/Proyecto_Final/ProyectoFinal_TDD/ProyectoTDD/nBitsSubstractor.sv Line: 1
Info (12021): Found 1 design units, including 1 entities, in source file mux2to1.sv
    Info (12023): Found entity 1: mux2to1 File: D:/Proyecto_Final/ProyectoFinal_TDD/ProyectoTDD/mux2to1.sv Line: 1
Info (12021): Found 1 design units, including 1 entities, in source file maindecoder.sv
    Info (12023): Found entity 1: MainDecoder File: D:/Proyecto_Final/ProyectoFinal_TDD/ProyectoTDD/MainDecoder.sv Line: 1
Info (12021): Found 1 design units, including 1 entities, in source file instmemory.sv
    Info (12023): Found entity 1: InstMemory File: D:/Proyecto_Final/ProyectoFinal_TDD/ProyectoTDD/InstMemory.sv Line: 1
Info (12021): Found 1 design units, including 1 entities, in source file fulladder.sv
    Info (12023): Found entity 1: fullAdder File: D:/Proyecto_Final/ProyectoFinal_TDD/ProyectoTDD/fullAdder.sv Line: 1
Info (12021): Found 1 design units, including 1 entities, in source file extend.sv
    Info (12023): Found entity 1: extend File: D:/Proyecto_Final/ProyectoFinal_TDD/ProyectoTDD/extend.sv Line: 1
Info (12021): Found 1 design units, including 1 entities, in source file division.sv
    Info (12023): Found entity 1: division File: D:/Proyecto_Final/ProyectoFinal_TDD/ProyectoTDD/division.sv Line: 14
Info (12021): Found 1 design units, including 1 entities, in source file decoder.sv
    Info (12023): Found entity 1: Decoder File: D:/Proyecto_Final/ProyectoFinal_TDD/ProyectoTDD/Decoder.sv Line: 1
Info (12021): Found 1 design units, including 1 entities, in source file datamemory.sv
    Info (12023): Found entity 1: DataMemory File: D:/Proyecto_Final/ProyectoFinal_TDD/ProyectoTDD/DataMemory.sv Line: 1
Info (12021): Found 1 design units, including 1 entities, in source file controlunit.sv
    Info (12023): Found entity 1: ControlUnit File: D:/Proyecto_Final/ProyectoFinal_TDD/ProyectoTDD/ControlUnit.sv Line: 1
Info (12021): Found 1 design units, including 1 entities, in source file conditioncheck.sv
    Info (12023): Found entity 1: ConditionCheck File: D:/Proyecto_Final/ProyectoFinal_TDD/ProyectoTDD/ConditionCheck.sv Line: 1
Info (12021): Found 1 design units, including 1 entities, in source file conditionallogic.sv
    Info (12023): Found entity 1: ConditionalLogic File: D:/Proyecto_Final/ProyectoFinal_TDD/ProyectoTDD/ConditionalLogic.sv Line: 1
Info (12021): Found 1 design units, including 1 entities, in source file aludecoder.sv
    Info (12023): Found entity 1: ALUDecoder File: D:/Proyecto_Final/ProyectoFinal_TDD/ProyectoTDD/ALUDecoder.sv Line: 1
Info (12021): Found 1 design units, including 1 entities, in source file alu.sv
    Info (12023): Found entity 1: alu File: D:/Proyecto_Final/ProyectoFinal_TDD/ProyectoTDD/alu.sv Line: 1
Info (12021): Found 1 design units, including 1 entities, in source file vga/color_decoder.sv
    Info (12023): Found entity 1: color_decoder File: D:/Proyecto_Final/ProyectoFinal_TDD/ProyectoTDD/VGA/color_decoder.sv Line: 1
Info (12021): Found 1 design units, including 1 entities, in source file vga/video_sync_generator.sv
    Info (12023): Found entity 1: video_sync_generator File: D:/Proyecto_Final/ProyectoFinal_TDD/ProyectoTDD/VGA/video_sync_generator.sv Line: 1
Info (12021): Found 1 design units, including 1 entities, in source file vga/vga_driver.sv
    Info (12023): Found entity 1: vga_driver File: D:/Proyecto_Final/ProyectoFinal_TDD/ProyectoTDD/VGA/vga_driver.sv Line: 2
Info (12021): Found 1 design units, including 1 entities, in source file vga/screen_drawer.sv
    Info (12023): Found entity 1: screen_drawer File: D:/Proyecto_Final/ProyectoFinal_TDD/ProyectoTDD/VGA/screen_drawer.sv Line: 1
Info (12021): Found 1 design units, including 1 entities, in source file vga/counter.sv
    Info (12023): Found entity 1: counter File: D:/Proyecto_Final/ProyectoFinal_TDD/ProyectoTDD/VGA/counter.sv Line: 1
Info (12021): Found 1 design units, including 1 entities, in source file vga/clock_div.sv
    Info (12023): Found entity 1: clock_div File: D:/Proyecto_Final/ProyectoFinal_TDD/ProyectoTDD/VGA/clock_div.sv Line: 1
Info (12021): Found 1 design units, including 1 entities, in source file deco.sv
    Info (12023): Found entity 1: Deco File: D:/Proyecto_Final/ProyectoFinal_TDD/ProyectoTDD/Deco.sv Line: 6
Info (12021): Found 1 design units, including 1 entities, in source file main.sv
    Info (12023): Found entity 1: main File: D:/Proyecto_Final/ProyectoFinal_TDD/ProyectoTDD/main.sv Line: 1
Info (12021): Found 1 design units, including 1 entities, in source file vga/sprites.sv
    Info (12023): Found entity 1: sprites File: D:/Proyecto_Final/ProyectoFinal_TDD/ProyectoTDD/VGA/sprites.sv Line: 1
Info (12021): Found 1 design units, including 1 entities, in source file baudrate.sv
    Info (12023): Found entity 1: BaudRate File: D:/Proyecto_Final/ProyectoFinal_TDD/ProyectoTDD/BaudRate.sv Line: 1
Info (12021): Found 1 design units, including 1 entities, in source file sec_conx.sv
    Info (12023): Found entity 1: Sec_conx File: D:/Proyecto_Final/ProyectoFinal_TDD/ProyectoTDD/Sec_conx.sv Line: 1
Info (12021): Found 1 design units, including 1 entities, in source file uart_conx.sv
    Info (12023): Found entity 1: UART_Conx File: D:/Proyecto_Final/ProyectoFinal_TDD/ProyectoTDD/UART_Conx.sv Line: 1
Info (12021): Found 1 design units, including 1 entities, in source file debounce.sv
    Info (12023): Found entity 1: debounce File: D:/Proyecto_Final/ProyectoFinal_TDD/ProyectoTDD/debounce.sv Line: 1
Info (12021): Found 1 design units, including 1 entities, in source file timer.sv
    Info (12023): Found entity 1: timer File: D:/Proyecto_Final/ProyectoFinal_TDD/ProyectoTDD/timer.sv Line: 1
Info (12021): Found 1 design units, including 1 entities, in source file seven_segment_driver.sv
    Info (12023): Found entity 1: seven_segment_driver File: D:/Proyecto_Final/ProyectoFinal_TDD/ProyectoTDD/seven_segment_driver.sv Line: 1
Info (12021): Found 1 design units, including 1 entities, in source file bintobcd.sv
    Info (12023): Found entity 1: BinToBCD File: D:/Proyecto_Final/ProyectoFinal_TDD/ProyectoTDD/BinToBCD.sv Line: 1
Info (12021): Found 1 design units, including 1 entities, in source file regbotones.sv
    Info (12023): Found entity 1: RegBotones File: D:/Proyecto_Final/ProyectoFinal_TDD/ProyectoTDD/RegBotones.sv Line: 1
Warning (10236): Verilog HDL Implicit Net warning at main.sv(31): created implicit net for "reset" File: D:/Proyecto_Final/ProyectoFinal_TDD/ProyectoTDD/main.sv Line: 31
Info (12127): Elaborating entity "Proyecto2" for the top level hierarchy
Warning (10036): Verilog HDL or VHDL warning at Proyecto2.sv(86): object "correct_door_2" assigned a value but never read File: D:/Proyecto_Final/ProyectoFinal_TDD/ProyectoTDD/Proyecto2.sv Line: 86
Warning (10036): Verilog HDL or VHDL warning at Proyecto2.sv(109): object "max_time" assigned a value but never read File: D:/Proyecto_Final/ProyectoFinal_TDD/ProyectoTDD/Proyecto2.sv Line: 109
Warning (10034): Output port "LEDR[9..2]" at Proyecto2.sv(9) has no driver File: D:/Proyecto_Final/ProyectoFinal_TDD/ProyectoTDD/Proyecto2.sv Line: 9
Info (12128): Elaborating entity "InstMemory" for hierarchy "InstMemory:inst_mem" File: D:/Proyecto_Final/ProyectoFinal_TDD/ProyectoTDD/Proyecto2.sv Line: 32
Warning (10850): Verilog HDL warning at InstMemory.sv(13): number of words (138) in memory file does not match the number of elements in the address range [0:1023] File: D:/Proyecto_Final/ProyectoFinal_TDD/ProyectoTDD/InstMemory.sv Line: 13
Warning (10030): Net "inst_mem.data_a" at InstMemory.sv(8) has no driver or initial value, using a default initial value '0' File: D:/Proyecto_Final/ProyectoFinal_TDD/ProyectoTDD/InstMemory.sv Line: 8
Warning (10030): Net "inst_mem.waddr_a" at InstMemory.sv(8) has no driver or initial value, using a default initial value '0' File: D:/Proyecto_Final/ProyectoFinal_TDD/ProyectoTDD/InstMemory.sv Line: 8
Warning (10030): Net "inst_mem.we_a" at InstMemory.sv(8) has no driver or initial value, using a default initial value '0' File: D:/Proyecto_Final/ProyectoFinal_TDD/ProyectoTDD/InstMemory.sv Line: 8
Info (12128): Elaborating entity "ProcesadorARMv4" for hierarchy "ProcesadorARMv4:proc" File: D:/Proyecto_Final/ProyectoFinal_TDD/ProyectoTDD/Proyecto2.sv Line: 53
Info (12128): Elaborating entity "ControlUnit" for hierarchy "ProcesadorARMv4:proc|ControlUnit:ctrl_unit" File: D:/Proyecto_Final/ProyectoFinal_TDD/ProyectoTDD/ProcesadorARMv4.sv Line: 51
Info (12128): Elaborating entity "Decoder" for hierarchy "ProcesadorARMv4:proc|ControlUnit:ctrl_unit|Decoder:decoder" File: D:/Proyecto_Final/ProyectoFinal_TDD/ProyectoTDD/ControlUnit.sv Line: 43
Info (12128): Elaborating entity "MainDecoder" for hierarchy "ProcesadorARMv4:proc|ControlUnit:ctrl_unit|Decoder:decoder|MainDecoder:main_decoder" File: D:/Proyecto_Final/ProyectoFinal_TDD/ProyectoTDD/Decoder.sv Line: 31
Info (12128): Elaborating entity "PCLogic" for hierarchy "ProcesadorARMv4:proc|ControlUnit:ctrl_unit|Decoder:decoder|PCLogic:pc_logic" File: D:/Proyecto_Final/ProyectoFinal_TDD/ProyectoTDD/Decoder.sv Line: 38
Info (12128): Elaborating entity "ALUDecoder" for hierarchy "ProcesadorARMv4:proc|ControlUnit:ctrl_unit|Decoder:decoder|ALUDecoder:alu_decoder" File: D:/Proyecto_Final/ProyectoFinal_TDD/ProyectoTDD/Decoder.sv Line: 47
Warning (10270): Verilog HDL Case Statement warning at ALUDecoder.sv(20): incomplete case statement has no default case item File: D:/Proyecto_Final/ProyectoFinal_TDD/ProyectoTDD/ALUDecoder.sv Line: 20
Info (12128): Elaborating entity "ConditionalLogic" for hierarchy "ProcesadorARMv4:proc|ControlUnit:ctrl_unit|ConditionalLogic:conditional_logic" File: D:/Proyecto_Final/ProyectoFinal_TDD/ProyectoTDD/ControlUnit.sv Line: 59
Info (12128): Elaborating entity "ConditionCheck" for hierarchy "ProcesadorARMv4:proc|ControlUnit:ctrl_unit|ConditionalLogic:conditional_logic|ConditionCheck:condition_check" File: D:/Proyecto_Final/ProyectoFinal_TDD/ProyectoTDD/ConditionalLogic.sv Line: 46
Info (12128): Elaborating entity "mux2to1" for hierarchy "ProcesadorARMv4:proc|mux2to1:mux_PC" File: D:/Proyecto_Final/ProyectoFinal_TDD/ProyectoTDD/ProcesadorARMv4.sv Line: 66
Info (12128): Elaborating entity "mux2to1" for hierarchy "ProcesadorARMv4:proc|mux2to1:mux_regA1" File: D:/Proyecto_Final/ProyectoFinal_TDD/ProyectoTDD/ProcesadorARMv4.sv Line: 84
Info (12128): Elaborating entity "RegisterFile" for hierarchy "ProcesadorARMv4:proc|RegisterFile:reg_file" File: D:/Proyecto_Final/ProyectoFinal_TDD/ProyectoTDD/ProcesadorARMv4.sv Line: 108
Critical Warning (10237): Verilog HDL warning at RegisterFile.sv(21): can't infer register for assignment in edge-triggered always construct because the clock isn't obvious. Generated combinational logic instead File: D:/Proyecto_Final/ProyectoFinal_TDD/ProyectoTDD/RegisterFile.sv Line: 21
Info (12128): Elaborating entity "extend" for hierarchy "ProcesadorARMv4:proc|extend:ext_unit" File: D:/Proyecto_Final/ProyectoFinal_TDD/ProyectoTDD/ProcesadorARMv4.sv Line: 116
Info (12128): Elaborating entity "alu" for hierarchy "ProcesadorARMv4:proc|alu:alu_unit" File: D:/Proyecto_Final/ProyectoFinal_TDD/ProyectoTDD/ProcesadorARMv4.sv Line: 146
Info (12128): Elaborating entity "sum_N" for hierarchy "ProcesadorARMv4:proc|alu:alu_unit|sum_N:sumN" File: D:/Proyecto_Final/ProyectoFinal_TDD/ProyectoTDD/alu.sv Line: 26
Info (12128): Elaborating entity "nBitsSubstractor" for hierarchy "ProcesadorARMv4:proc|alu:alu_unit|nBitsSubstractor:subs" File: D:/Proyecto_Final/ProyectoFinal_TDD/ProyectoTDD/alu.sv Line: 37
Info (12128): Elaborating entity "fullAdder" for hierarchy "ProcesadorARMv4:proc|alu:alu_unit|nBitsSubstractor:subs|fullAdder:adder_loop[0].adder" File: D:/Proyecto_Final/ProyectoFinal_TDD/ProyectoTDD/nBitsSubstractor.sv Line: 37
Info (12128): Elaborating entity "DataMemory" for hierarchy "DataMemory:video_memory" File: D:/Proyecto_Final/ProyectoFinal_TDD/ProyectoTDD/Proyecto2.sv Line: 73
Warning (10036): Verilog HDL or VHDL warning at DataMemory.sv(18): object "RDataTimeUp" assigned a value but never read File: D:/Proyecto_Final/ProyectoFinal_TDD/ProyectoTDD/DataMemory.sv Line: 18
Info (12128): Elaborating entity "Deco" for hierarchy "DataMemory:video_memory|Deco:deco_inst" File: D:/Proyecto_Final/ProyectoFinal_TDD/ProyectoTDD/DataMemory.sv Line: 29
Info (12128): Elaborating entity "ram_vid" for hierarchy "DataMemory:video_memory|ram_vid:mi_ram" File: D:/Proyecto_Final/ProyectoFinal_TDD/ProyectoTDD/DataMemory.sv Line: 55
Info (12128): Elaborating entity "altsyncram" for hierarchy "DataMemory:video_memory|ram_vid:mi_ram|altsyncram:altsyncram_component" File: D:/Proyecto_Final/ProyectoFinal_TDD/ProyectoTDD/ram_vid.v Line: 98
Info (12130): Elaborated megafunction instantiation "DataMemory:video_memory|ram_vid:mi_ram|altsyncram:altsyncram_component" File: D:/Proyecto_Final/ProyectoFinal_TDD/ProyectoTDD/ram_vid.v Line: 98
Info (12133): Instantiated megafunction "DataMemory:video_memory|ram_vid:mi_ram|altsyncram:altsyncram_component" with the following parameter: File: D:/Proyecto_Final/ProyectoFinal_TDD/ProyectoTDD/ram_vid.v Line: 98
    Info (12134): Parameter "address_reg_b" = "CLOCK0"
    Info (12134): Parameter "clock_enable_input_a" = "BYPASS"
    Info (12134): Parameter "clock_enable_input_b" = "BYPASS"
    Info (12134): Parameter "clock_enable_output_a" = "BYPASS"
    Info (12134): Parameter "clock_enable_output_b" = "BYPASS"
    Info (12134): Parameter "indata_reg_b" = "CLOCK0"
    Info (12134): Parameter "intended_device_family" = "Cyclone V"
    Info (12134): Parameter "lpm_type" = "altsyncram"
    Info (12134): Parameter "numwords_a" = "8"
    Info (12134): Parameter "numwords_b" = "8"
    Info (12134): Parameter "operation_mode" = "BIDIR_DUAL_PORT"
    Info (12134): Parameter "outdata_aclr_a" = "NONE"
    Info (12134): Parameter "outdata_aclr_b" = "NONE"
    Info (12134): Parameter "outdata_reg_a" = "UNREGISTERED"
    Info (12134): Parameter "outdata_reg_b" = "UNREGISTERED"
    Info (12134): Parameter "power_up_uninitialized" = "FALSE"
    Info (12134): Parameter "read_during_write_mode_mixed_ports" = "DONT_CARE"
    Info (12134): Parameter "read_during_write_mode_port_a" = "NEW_DATA_NO_NBE_READ"
    Info (12134): Parameter "read_during_write_mode_port_b" = "NEW_DATA_NO_NBE_READ"
    Info (12134): Parameter "widthad_a" = "3"
    Info (12134): Parameter "widthad_b" = "3"
    Info (12134): Parameter "width_a" = "32"
    Info (12134): Parameter "width_b" = "32"
    Info (12134): Parameter "width_byteena_a" = "1"
    Info (12134): Parameter "width_byteena_b" = "1"
    Info (12134): Parameter "wrcontrol_wraddress_reg_b" = "CLOCK0"
Info (12021): Found 1 design units, including 1 entities, in source file db/altsyncram_sen2.tdf
    Info (12023): Found entity 1: altsyncram_sen2 File: D:/Proyecto_Final/ProyectoFinal_TDD/ProyectoTDD/db/altsyncram_sen2.tdf Line: 28
Info (12128): Elaborating entity "altsyncram_sen2" for hierarchy "DataMemory:video_memory|ram_vid:mi_ram|altsyncram:altsyncram_component|altsyncram_sen2:auto_generated" File: c:/intelfpga_lite/23.1std/quartus/libraries/megafunctions/altsyncram.tdf Line: 792
Info (12128): Elaborating entity "readMUX" for hierarchy "DataMemory:video_memory|readMUX:mux_u" File: D:/Proyecto_Final/ProyectoFinal_TDD/ProyectoTDD/DataMemory.sv Line: 65
Info (12128): Elaborating entity "RegBotones" for hierarchy "DataMemory:video_memory|RegBotones:reg_botones1" File: D:/Proyecto_Final/ProyectoFinal_TDD/ProyectoTDD/DataMemory.sv Line: 73
Info (12128): Elaborating entity "random_gen" for hierarchy "DataMemory:video_memory|random_gen:rand_door" File: D:/Proyecto_Final/ProyectoFinal_TDD/ProyectoTDD/DataMemory.sv Line: 87
Info (12128): Elaborating entity "clock_div" for hierarchy "clock_div:clock_divider" File: D:/Proyecto_Final/ProyectoFinal_TDD/ProyectoTDD/Proyecto2.sv Line: 81
Warning (10230): Verilog HDL assignment warning at clock_div.sv(5): truncated value with size 32 to match size of target (2) File: D:/Proyecto_Final/ProyectoFinal_TDD/ProyectoTDD/VGA/clock_div.sv Line: 5
Warning (10230): Verilog HDL assignment warning at clock_div.sv(9): truncated value with size 32 to match size of target (2) File: D:/Proyecto_Final/ProyectoFinal_TDD/ProyectoTDD/VGA/clock_div.sv Line: 9
Info (12128): Elaborating entity "counter" for hierarchy "counter:counter_pause" File: D:/Proyecto_Final/ProyectoFinal_TDD/ProyectoTDD/Proyecto2.sv Line: 102
Warning (10230): Verilog HDL assignment warning at counter.sv(18): truncated value with size 32 to match size of target (25) File: D:/Proyecto_Final/ProyectoFinal_TDD/ProyectoTDD/VGA/counter.sv Line: 18
Info (12128): Elaborating entity "seven_segment_driver" for hierarchy "seven_segment_driver:seg0" File: D:/Proyecto_Final/ProyectoFinal_TDD/ProyectoTDD/Proyecto2.sv Line: 116
Info (12128): Elaborating entity "BinToBCD" for hierarchy "BinToBCD:res_converter" File: D:/Proyecto_Final/ProyectoFinal_TDD/ProyectoTDD/Proyecto2.sv Line: 119
Warning (10230): Verilog HDL assignment warning at BinToBCD.sv(24): truncated value with size 32 to match size of target (4) File: D:/Proyecto_Final/ProyectoFinal_TDD/ProyectoTDD/BinToBCD.sv Line: 24
Info (12128): Elaborating entity "timer" for hierarchy "timer:timer_count" File: D:/Proyecto_Final/ProyectoFinal_TDD/ProyectoTDD/Proyecto2.sv Line: 128
Info (12128): Elaborating entity "screen_drawer" for hierarchy "screen_drawer:screen" File: D:/Proyecto_Final/ProyectoFinal_TDD/ProyectoTDD/Proyecto2.sv Line: 141
Info (12128): Elaborating entity "counter" for hierarchy "screen_drawer:screen|counter:counter_x" File: D:/Proyecto_Final/ProyectoFinal_TDD/ProyectoTDD/VGA/screen_drawer.sv Line: 14
Warning (10230): Verilog HDL assignment warning at counter.sv(18): truncated value with size 32 to match size of target (10) File: D:/Proyecto_Final/ProyectoFinal_TDD/ProyectoTDD/VGA/counter.sv Line: 18
Info (12128): Elaborating entity "sprites" for hierarchy "screen_drawer:screen|sprites:sprites" File: D:/Proyecto_Final/ProyectoFinal_TDD/ProyectoTDD/VGA/screen_drawer.sv Line: 55
Info (12128): Elaborating entity "color_decoder" for hierarchy "screen_drawer:screen|color_decoder:decoder" File: D:/Proyecto_Final/ProyectoFinal_TDD/ProyectoTDD/VGA/screen_drawer.sv Line: 62
Info (12128): Elaborating entity "vga_driver" for hierarchy "vga_driver:driver" File: D:/Proyecto_Final/ProyectoFinal_TDD/ProyectoTDD/Proyecto2.sv Line: 153
Info (12128): Elaborating entity "video_sync_generator" for hierarchy "vga_driver:driver|video_sync_generator:video_sync" File: D:/Proyecto_Final/ProyectoFinal_TDD/ProyectoTDD/VGA/vga_driver.sv Line: 19
Warning (10230): Verilog HDL assignment warning at video_sync_generator.sv(38): truncated value with size 32 to match size of target (10) File: D:/Proyecto_Final/ProyectoFinal_TDD/ProyectoTDD/VGA/video_sync_generator.sv Line: 38
Warning (10230): Verilog HDL assignment warning at video_sync_generator.sv(41): truncated value with size 32 to match size of target (11) File: D:/Proyecto_Final/ProyectoFinal_TDD/ProyectoTDD/VGA/video_sync_generator.sv Line: 41
Info (12128): Elaborating entity "counter" for hierarchy "counter:counter_read" File: D:/Proyecto_Final/ProyectoFinal_TDD/ProyectoTDD/Proyecto2.sv Line: 173
Warning (10230): Verilog HDL assignment warning at counter.sv(18): truncated value with size 32 to match size of target (3) File: D:/Proyecto_Final/ProyectoFinal_TDD/ProyectoTDD/VGA/counter.sv Line: 18
Warning (12241): 3 hierarchies have connectivity warnings - see the Connectivity Checks report folder
Info (144001): Generated suppressed messages file D:/Proyecto_Final/ProyectoFinal_TDD/ProyectoTDD/output_files/Proyecto2.map.smsg
Info: Quartus Prime Analysis & Elaboration was successful. 0 errors, 21 warnings
    Info: Peak virtual memory: 5523 megabytes
    Info: Processing ended: Fri Jun 20 09:49:09 2025
    Info: Elapsed time: 00:00:25
    Info: Total CPU time (on all processors): 00:00:38


+--------------------------------------------+
; Analysis & Elaboration Suppressed Messages ;
+--------------------------------------------+
The suppressed messages can be found in D:/Proyecto_Final/ProyectoFinal_TDD/ProyectoTDD/output_files/Proyecto2.map.smsg.


