Flow report for Proyecto2
Tue Jun 24 11:01:42 2025
Quartus Prime Version 23.1std.1 Build 993 05/14/2024 SC Lite Edition


---------------------
; Table of Contents ;
---------------------
  1. Legal Notice
  2. Flow Summary
  3. Flow Settings
  4. Flow Non-Default Global Settings
  5. Flow Elapsed Time
  6. Flow OS Summary
  7. Flow Log
  8. Flow Messages
  9. Flow Suppressed Messages



----------------
; Legal Notice ;
----------------
Copyright (C) 2024  Intel Corporation. All rights reserved.
Your use of Intel Corporation's design tools, logic functions 
and other software and tools, and any partner logic 
functions, and any output files from any of the foregoing 
(including device programming or simulation files), and any 
associated documentation or information are expressly subject 
to the terms and conditions of the Intel Program License 
Subscription Agreement, the Intel Quartus Prime License Agreement,
the Intel FPGA IP License Agreement, or other applicable license
agreement, including, without limitation, that your use is for
the sole purpose of programming logic devices manufactured by
Intel and sold by Intel or its authorized distributors.  Please
refer to the applicable agreement for further details, at
https://fpgasoftware.intel.com/eula.



+----------------------------------------------------------------------------------+
; Flow Summary                                                                     ;
+---------------------------------+------------------------------------------------+
; Flow Status                     ; Successful - Tue Jun 24 11:01:42 2025          ;
; Quartus Prime Version           ; 23.1std.1 Build 993 05/14/2024 SC Lite Edition ;
; Revision Name                   ; Proyecto2                                      ;
; Top-level Entity Name           ; Proyecto2                                      ;
; Family                          ; Cyclone V                                      ;
; Device                          ; 5CSXFC6D6F31C6                                 ;
; Timing Models                   ; Final                                          ;
; Logic utilization (in ALMs)     ; 3,058 / 41,910 ( 7 % )                         ;
; Total registers                 ; 1084                                           ;
; Total pins                      ; 63 / 499 ( 13 % )                              ;
; Total virtual pins              ; 0                                              ;
; Total block memory bits         ; 0 / 5,662,720 ( 0 % )                          ;
; Total DSP Blocks                ; 7 / 112 ( 6 % )                                ;
; Total HSSI RX PCSs              ; 0 / 9 ( 0 % )                                  ;
; Total HSSI PMA RX Deserializers ; 0 / 9 ( 0 % )                                  ;
; Total HSSI TX PCSs              ; 0 / 9 ( 0 % )                                  ;
; Total HSSI PMA TX Serializers   ; 0 / 9 ( 0 % )                                  ;
; Total PLLs                      ; 0 / 15 ( 0 % )                                 ;
; Total DLLs                      ; 0 / 4 ( 0 % )                                  ;
+---------------------------------+------------------------------------------------+


+-----------------------------------------+
; Flow Settings                           ;
+-------------------+---------------------+
; Option            ; Setting             ;
+-------------------+---------------------+
; Start date & time ; 06/24/2025 10:53:11 ;
; Main task         ; Compilation         ;
; Revision Name     ; Proyecto2           ;
+-------------------+---------------------+


+-------------------------------------------------------------------------------------------------------------------------------------------------+
; Flow Non-Default Global Settings                                                                                                                ;
+--------------------------------------+----------------------------------------+---------------+-------------+-----------------------------------+
; Assignment Name                      ; Value                                  ; Default Value ; Entity Name ; Section Id                        ;
+--------------------------------------+----------------------------------------+---------------+-------------+-----------------------------------+
; COMPILER_SIGNATURE_ID                ; 247207020972993.175078399102968        ; --            ; --          ; --                                ;
; EDA_DESIGN_INSTANCE_NAME             ; NA                                     ; --            ; --          ; tb_ProcesadorARMv4                ;
; EDA_DESIGN_INSTANCE_NAME             ; NA                                     ; --            ; --          ; test_Proyecto2                    ;
; EDA_GENERATE_FUNCTIONAL_NETLIST      ; Off                                    ; --            ; --          ; eda_board_design_timing           ;
; EDA_GENERATE_FUNCTIONAL_NETLIST      ; Off                                    ; --            ; --          ; eda_board_design_boundary_scan    ;
; EDA_GENERATE_FUNCTIONAL_NETLIST      ; Off                                    ; --            ; --          ; eda_board_design_signal_integrity ;
; EDA_GENERATE_FUNCTIONAL_NETLIST      ; Off                                    ; --            ; --          ; eda_board_design_symbol           ;
; EDA_NATIVELINK_SIMULATION_TEST_BENCH ; tb_ProcesadorARMv4                     ; --            ; --          ; eda_simulation                    ;
; EDA_OUTPUT_DATA_FORMAT               ; Systemverilog Hdl                      ; --            ; --          ; eda_simulation                    ;
; EDA_RUN_TOOL_AUTOMATICALLY           ; Off                                    ; --            ; --          ; eda_simulation                    ;
; EDA_SIMULATION_TOOL                  ; Questa Intel FPGA (SystemVerilog)      ; <None>        ; --          ; --                                ;
; EDA_TEST_BENCH_ENABLE_STATUS         ; TEST_BENCH_MODE                        ; --            ; --          ; eda_simulation                    ;
; EDA_TEST_BENCH_FILE                  ; DataMemory.sv                          ; --            ; --          ; tb_ProcesadorARMv4                ;
; EDA_TEST_BENCH_FILE                  ; InstMemory.sv                          ; --            ; --          ; tb_ProcesadorARMv4                ;
; EDA_TEST_BENCH_FILE                  ; tb_ProcesadorARMv4.sv                  ; --            ; --          ; tb_ProcesadorARMv4                ;
; EDA_TEST_BENCH_FILE                  ; Deco.sv                                ; --            ; --          ; tb_ProcesadorARMv4                ;
; EDA_TEST_BENCH_FILE                  ; readMUX.sv                             ; --            ; --          ; tb_ProcesadorARMv4                ;
; EDA_TEST_BENCH_FILE                  ; RegBotones.sv                          ; --            ; --          ; tb_ProcesadorARMv4                ;
; EDA_TEST_BENCH_FILE                  ; random_gen.sv                          ; --            ; --          ; tb_ProcesadorARMv4                ;
; EDA_TEST_BENCH_FILE                  ; VideoRam.sv                            ; --            ; --          ; tb_ProcesadorARMv4                ;
; EDA_TEST_BENCH_FILE                  ; test_Proyecto2.sv                      ; --            ; --          ; test_Proyecto2                    ;
; EDA_TEST_BENCH_MODULE_NAME           ; tb_ProcesadorARMv4                     ; --            ; --          ; tb_ProcesadorARMv4                ;
; EDA_TEST_BENCH_MODULE_NAME           ; test_Proyecto2                         ; --            ; --          ; test_Proyecto2                    ;
; EDA_TEST_BENCH_NAME                  ; test_Proyecto2                         ; --            ; --          ; eda_simulation                    ;
; EDA_TEST_BENCH_NAME                  ; tb_ProcesadorARMv4                     ; --            ; --          ; eda_simulation                    ;
; EDA_TIME_SCALE                       ; 1 ps                                   ; --            ; --          ; eda_simulation                    ;
; MAX_CORE_JUNCTION_TEMP               ; 85                                     ; --            ; --          ; --                                ;
; MIN_CORE_JUNCTION_TEMP               ; 0                                      ; --            ; --          ; --                                ;
; MISC_FILE                            ; ram_vid_bb.v                           ; --            ; --          ; --                                ;
; MISC_FILE                            ; ram_vid.cmp                            ; --            ; --          ; --                                ;
; MISC_FILE                            ; ram_vid_syn.v                          ; --            ; --          ; --                                ;
; PARTITION_COLOR                      ; -- (Not supported for targeted family) ; --            ; --          ; Top                               ;
; PARTITION_FITTER_PRESERVATION_LEVEL  ; -- (Not supported for targeted family) ; --            ; --          ; Top                               ;
; PARTITION_NETLIST_TYPE               ; -- (Not supported for targeted family) ; --            ; --          ; Top                               ;
; POWER_BOARD_THERMAL_MODEL            ; None (CONSERVATIVE)                    ; --            ; --          ; --                                ;
; POWER_PRESET_COOLING_SOLUTION        ; 23 MM HEAT SINK WITH 200 LFPM AIRFLOW  ; --            ; --          ; --                                ;
; PROJECT_OUTPUT_DIRECTORY             ; output_files                           ; --            ; --          ; --                                ;
+--------------------------------------+----------------------------------------+---------------+-------------+-----------------------------------+


+--------------------------------------------------------------------------------------------------------------------------+
; Flow Elapsed Time                                                                                                        ;
+----------------------+--------------+-------------------------+---------------------+------------------------------------+
; Module Name          ; Elapsed Time ; Average Processors Used ; Peak Virtual Memory ; Total CPU Time (on all processors) ;
+----------------------+--------------+-------------------------+---------------------+------------------------------------+
; Analysis & Synthesis ; 00:00:54     ; 1.0                     ; 5635 MB             ; 00:01:07                           ;
; Fitter               ; 00:06:50     ; 1.1                     ; 7052 MB             ; 00:24:33                           ;
; Assembler            ; 00:00:08     ; 1.0                     ; 5265 MB             ; 00:00:08                           ;
; Timing Analyzer      ; 00:00:28     ; 1.8                     ; 5471 MB             ; 00:00:46                           ;
; EDA Netlist Writer   ; 00:00:03     ; 1.0                     ; 4793 MB             ; 00:00:03                           ;
; Total                ; 00:08:23     ; --                      ; --                  ; 00:26:37                           ;
+----------------------+--------------+-------------------------+---------------------+------------------------------------+


+------------------------------------------------------------------------------------+
; Flow OS Summary                                                                    ;
+----------------------+------------------+------------+------------+----------------+
; Module Name          ; Machine Hostname ; OS Name    ; OS Version ; Processor type ;
+----------------------+------------------+------------+------------+----------------+
; Analysis & Synthesis ; Matilda          ; Windows 10 ; 10.0       ; x86_64         ;
; Fitter               ; Matilda          ; Windows 10 ; 10.0       ; x86_64         ;
; Assembler            ; Matilda          ; Windows 10 ; 10.0       ; x86_64         ;
; Timing Analyzer      ; Matilda          ; Windows 10 ; 10.0       ; x86_64         ;
; EDA Netlist Writer   ; Matilda          ; Windows 10 ; 10.0       ; x86_64         ;
+----------------------+------------------+------------+------------+----------------+


------------
; Flow Log ;
------------
quartus_map --read_settings_files=on --write_settings_files=off Proyecto2 -c Proyecto2
quartus_fit --read_settings_files=off --write_settings_files=off Proyecto2 -c Proyecto2
quartus_asm --read_settings_files=off --write_settings_files=off Proyecto2 -c Proyecto2
quartus_sta Proyecto2 -c Proyecto2
quartus_eda --read_settings_files=off --write_settings_files=off Proyecto2 -c Proyecto2



